<?xml version="1.0" encoding="UTF-8"?>
<!-- Generated by org.testng.reporters.JUnitXMLReporter -->
<testsuite ignored="2" hostname="Asus-Vivobook-Mahesh" failures="0" tests="1" name="Default test" time="1.701" errors="0" timestamp="2025-02-20T18:57:08 IST">
  <testcase classname="com.testcases.ReqresTest" name="testGetAllUsers" time="1.662"/>
  <testcase classname="com.testcases.ReqresTest" name="testPostUser" time="0.0">
    <ignored/>
  </testcase> <!-- testPostUser -->
  <testcase classname="com.testcases.ReqresTest" name="testGetSingleAllUsers" time="0.0">
    <ignored/>
  </testcase> <!-- testGetSingleAllUsers -->
</testsuite> <!-- Default test -->
