<?xml version="1.0" encoding="UTF-8"?>
<testng-results ignored="2" total="3" passed="1" failed="0" skipped="0">
  <reporter-output>
  </reporter-output>
  <suite started-at="2025-02-20T18:57:07 IST" name="Default suite" finished-at="2025-02-20T18:57:08 IST" duration-ms="1701">
    <groups>
    </groups>
    <test started-at="2025-02-20T18:57:07 IST" name="Default test" finished-at="2025-02-20T18:57:08 IST" duration-ms="1701">
      <class name="com.testcases.ReqresTest">
        <test-method is-config="true" signature="setUserData()[pri:0, instance:com.testcases.ReqresTest@1b2abca6]" started-at="2025-02-20T18:57:07 IST" name="setUserData" finished-at="2025-02-20T18:57:07 IST" duration-ms="7" status="PASS">
          <reporter-output>
          </reporter-output>
        </test-method> <!-- setUserData -->
        <test-method signature="testGetAllUsers()[pri:2, instance:com.testcases.ReqresTest@1b2abca6]" started-at="2025-02-20T18:57:07 IST" name="testGetAllUsers" finished-at="2025-02-20T18:57:08 IST" duration-ms="1662" status="PASS">
          <reporter-output>
          </reporter-output>
        </test-method> <!-- testGetAllUsers -->
      </class> <!-- com.testcases.ReqresTest -->
    </test> <!-- Default test -->
  </suite> <!-- Default suite -->
</testng-results>
